<?xml version="1.0" encoding="UTF-8"?>
<!-- Generated by org.testng.reporters.JUnitReportReporter -->
<testsuite hostname="LAPTOP-MVN1TR0E" failures="0" tests="6" name="Demo.AppiumTestFramework.HybridTestCases" time="8.093" errors="0" timestamp="2023-05-18T13:19:13 IST" skipped="5">
  <testcase classname="Demo.AppiumTestFramework.HybridTestCases" name="login" time="8.093"/>
  <system-out/>
  <testcase classname="Demo.AppiumTestFramework.HybridTestCases" name="AddToCartSinglepro">
    <skipped/>
  </testcase> <!-- AddToCartSinglepro -->
  <system-out/>
  <testcase classname="Demo.AppiumTestFramework.HybridTestCases" name="checkPrice">
    <skipped/>
  </testcase> <!-- checkPrice -->
  <system-out/>
  <testcase classname="Demo.AppiumTestFramework.HybridTestCases" name="AddToCart">
    <skipped/>
  </testcase> <!-- AddToCart -->
  <system-out/>
  <testcase classname="Demo.AppiumTestFramework.HybridTestCases" name="InvalidLogin">
    <skipped/>
  </testcase> <!-- InvalidLogin -->
  <system-out/>
  <testcase classname="Demo.AppiumTestFramework.HybridTestCases" name="visitWeb">
    <skipped/>
  </testcase> <!-- visitWeb -->
  <system-out/>
</testsuite> <!-- Demo.AppiumTestFramework.HybridTestCases -->
